<?xml version="1.0" encoding="UTF-8"?>
<!-- Generated by org.testng.reporters.JUnitReportReporter -->
<testsuite hostname="Shagars-MacBook-Pro.local" failures="0" tests="6" name="runners.SmoketestRunner" time="0.162" errors="0" timestamp="2021-12-18T15:35:43 EST" skipped="0">
  <testcase classname="runners.SmoketestRunner" name="runScenario" time="0.014"/>
  <system-out/>
  <testcase classname="runners.SmoketestRunner" name="runScenario" time="0.010"/>
  <system-out/>
  <testcase classname="runners.SmoketestRunner" name="runScenario" time="0.011"/>
  <system-out/>
  <testcase classname="runners.SmoketestRunner" name="runScenario" time="0.010"/>
  <system-out/>
  <testcase classname="runners.SmoketestRunner" name="runScenario" time="0.106"/>
  <system-out/>
  <testcase classname="runners.SmoketestRunner" name="runScenario" time="0.011"/>
  <system-out/>
</testsuite> <!-- runners.SmoketestRunner -->
