<?xml version="1.0" encoding="UTF-8"?>
<!-- Generated by org.testng.reporters.JUnitReportReporter -->
<testsuite hostname="Shagars-MacBook-Pro.local" failures="0" tests="6" name="runners.SmoketestRunner" time="0.141" errors="0" timestamp="2021-12-18T15:36:06 EST" skipped="0">
  <testcase classname="runners.SmoketestRunner" name="runScenario" time="0.009"/>
  <system-out/>
  <testcase classname="runners.SmoketestRunner" name="runScenario" time="0.008"/>
  <system-out/>
  <testcase classname="runners.SmoketestRunner" name="runScenario" time="0.009"/>
  <system-out/>
  <testcase classname="runners.SmoketestRunner" name="runScenario" time="0.008"/>
  <system-out/>
  <testcase classname="runners.SmoketestRunner" name="runScenario" time="0.007"/>
  <system-out/>
  <testcase classname="runners.SmoketestRunner" name="runScenario" time="0.100"/>
  <system-out/>
</testsuite> <!-- runners.SmoketestRunner -->
